TN:
SF:C:\Users\rahul26\Desktop\wanderlust-to_trainee\WanderlustMS\src\service\bookValidator.js
FNF:0
FNH:0
DA:2,1
DA:5,1
DA:6,4
DA:7,2
DA:8,2
DA:9,2
DA:13,1
DA:14,3
DA:15,3
DA:16,3
DA:17,2
DA:18,2
DA:19,2
DA:23,1
LF:14
LH:14
BRDA:6,1,0,2
BRDA:6,1,1,2
BRDA:6,2,0,4
BRDA:6,2,1,3
BRDA:16,3,0,2
BRDA:16,3,1,1
BRF:6
BRH:6
end_of_record
TN:
SF:C:\Users\rahul26\Desktop\wanderlust-to_trainee\WanderlustMS\src\service\userValidator.js
FNF:0
FNH:0
DA:1,1
DA:3,1
DA:5,3
DA:6,2
DA:7,2
DA:8,2
DA:12,1
DA:13,2
DA:14,1
DA:15,1
DA:16,1
DA:20,1
DA:21,3
DA:22,3
DA:23,2
DA:24,2
DA:25,2
DA:29,1
DA:30,3
DA:31,2
DA:32,2
DA:33,2
DA:38,1
LF:23
LH:23
BRDA:5,1,0,2
BRDA:5,1,1,1
BRDA:13,2,0,1
BRDA:13,2,1,1
BRDA:22,3,0,2
BRDA:22,3,1,1
BRDA:30,4,0,2
BRDA:30,4,1,1
BRF:8
BRH:8
end_of_record
