<?xml version="1.0" ?>
<!DOCTYPE coverage SYSTEM "http://cobertura.sourceforge.net/xml/coverage-04.dtd">
<coverage lines-valid="37"  lines-covered="37"  line-rate="1"  branches-valid="14"  branches-covered="14"  branch-rate="1"  timestamp="1553668739484" complexity="0" version="0.1">
<sources>
	<source>C:\Users\rahul26\Desktop\wanderlust-to_trainee\WanderlustMS</source>
</sources>
<packages>
	<package name="service"  line-rate="1"  branch-rate="1" >
	<classes>
		<class name="bookValidator.js"  filename="src\service\bookValidator.js"  line-rate="1"  branch-rate="1" >
		<methods>
		</methods>
		<lines>
			<line number="2"  hits="1"  branch="false" />
			<line number="5"  hits="1"  branch="false" />
			<line number="6"  hits="4"  branch="true"  condition-coverage="100% (4/4)" />
			<line number="7"  hits="2"  branch="false" />
			<line number="8"  hits="2"  branch="false" />
			<line number="9"  hits="2"  branch="false" />
			<line number="13"  hits="1"  branch="false" />
			<line number="14"  hits="3"  branch="false" />
			<line number="15"  hits="3"  branch="false" />
			<line number="16"  hits="3"  branch="true"  condition-coverage="100% (2/2)" />
			<line number="17"  hits="2"  branch="false" />
			<line number="18"  hits="2"  branch="false" />
			<line number="19"  hits="2"  branch="false" />
			<line number="23"  hits="1"  branch="false" />
		</lines>
		</class>
		<class name="userValidator.js"  filename="src\service\userValidator.js"  line-rate="1"  branch-rate="1" >
		<methods>
		</methods>
		<lines>
			<line number="1"  hits="1"  branch="false" />
			<line number="3"  hits="1"  branch="false" />
			<line number="5"  hits="3"  branch="true"  condition-coverage="100% (2/2)" />
			<line number="6"  hits="2"  branch="false" />
			<line number="7"  hits="2"  branch="false" />
			<line number="8"  hits="2"  branch="false" />
			<line number="12"  hits="1"  branch="false" />
			<line number="13"  hits="2"  branch="true"  condition-coverage="100% (2/2)" />
			<line number="14"  hits="1"  branch="false" />
			<line number="15"  hits="1"  branch="false" />
			<line number="16"  hits="1"  branch="false" />
			<line number="20"  hits="1"  branch="false" />
			<line number="21"  hits="3"  branch="false" />
			<line number="22"  hits="3"  branch="true"  condition-coverage="100% (2/2)" />
			<line number="23"  hits="2"  branch="false" />
			<line number="24"  hits="2"  branch="false" />
			<line number="25"  hits="2"  branch="false" />
			<line number="29"  hits="1"  branch="false" />
			<line number="30"  hits="3"  branch="true"  condition-coverage="100% (2/2)" />
			<line number="31"  hits="2"  branch="false" />
			<line number="32"  hits="2"  branch="false" />
			<line number="33"  hits="2"  branch="false" />
			<line number="38"  hits="1"  branch="false" />
		</lines>
		</class>
	</classes>
	</package>
</packages>
</coverage>
